<?xml version="1.0" encoding="UTF-8"?>
<testsuite name="weinfeld.cashier.CashierTest" tests="4" skipped="0" failures="0" errors="0" timestamp="2020-04-21T23:29:06" hostname="DESKTOP-VAI5R9R" time="0.007">
  <properties/>
  <testcase name="notEnoughChangeRegister" classname="weinfeld.cashier.CashierTest" time="0.005"/>
  <testcase name="brokeCashier" classname="weinfeld.cashier.CashierTest" time="0.001"/>
  <testcase name="pay" classname="weinfeld.cashier.CashierTest" time="0.0"/>
  <testcase name="notEnoughChange" classname="weinfeld.cashier.CashierTest" time="0.001"/>
  <system-out><![CDATA[]]></system-out>
  <system-err><![CDATA[]]></system-err>
</testsuite>
